[1229/175127.289:ERROR:directory_reader_win.cc(43)] FindFirstFile: The system cannot find the path specified. (0x3)
[1229/175514.239:ERROR:process_reader_win.cc(123)] NtOpenThread: {Access Denied} A process has requested access to an object, but has not been granted those access rights. (0xc0000022)
[1229/175514.240:ERROR:exception_snapshot_win.cc(99)] thread ID 6248 not found in process
[1229/175514.243:ERROR:process_reader_win.cc(123)] NtOpenThread: {Access Denied} A process has requested access to an object, but has not been granted those access rights. (0xc0000022)
[1229/175514.245:ERROR:exception_snapshot_win.cc(99)] thread ID 19084 not found in process
[1229/175514.269:ERROR:process_reader_win.cc(123)] NtOpenThread: {Access Denied} A process has requested access to an object, but has not been granted those access rights. (0xc0000022)
[1229/175514.269:ERROR:process_reader_win.cc(123)] NtOpenThread: {Access Denied} A process has requested access to an object, but has not been granted those access rights. (0xc0000022)
[1229/175514.269:ERROR:exception_snapshot_win.cc(99)] thread ID 10224 not found in process
[1229/175514.269:ERROR:exception_snapshot_win.cc(99)] thread ID 11796 not found in process
[1229/175933.971:ERROR:process_reader_win.cc(123)] NtOpenThread: {Access Denied} A process has requested access to an object, but has not been granted those access rights. (0xc0000022)
[1229/175933.972:ERROR:exception_snapshot_win.cc(99)] thread ID 13976 not found in process
[1229/175933.989:ERROR:process_reader_win.cc(123)] NtOpenThread: {Access Denied} A process has requested access to an object, but has not been granted those access rights. (0xc0000022)
[1229/175933.989:ERROR:exception_snapshot_win.cc(99)] thread ID 14140 not found in process
[1229/181306.041:ERROR:directory_reader_win.cc(43)] FindFirstFile: The system cannot find the path specified. (0x3)
[1229/190728.460:ERROR:process_reader_win.cc(123)] NtOpenThread: {Access Denied} A process has requested access to an object, but has not been granted those access rights. (0xc0000022)
[1229/190728.461:ERROR:exception_snapshot_win.cc(99)] thread ID 17976 not found in process
[1229/190728.460:ERROR:process_reader_win.cc(123)] NtOpenThread: {Access Denied} A process has requested access to an object, but has not been granted those access rights. (0xc0000022)
[1229/190728.461:ERROR:exception_snapshot_win.cc(99)] thread ID 3660 not found in process
[1229/190728.483:ERROR:process_reader_win.cc(123)] NtOpenThread: {Access Denied} A process has requested access to an object, but has not been granted those access rights. (0xc0000022)
[1229/190728.483:ERROR:process_reader_win.cc(123)] NtOpenThread: {Access Denied} A process has requested access to an object, but has not been granted those access rights. (0xc0000022)
[1229/190728.483:ERROR:exception_snapshot_win.cc(99)] thread ID 18016 not found in process
[1229/190728.483:ERROR:exception_snapshot_win.cc(99)] thread ID 15124 not found in process
[1229/190823.194:ERROR:process_reader_win.cc(123)] NtOpenThread: {Access Denied} A process has requested access to an object, but has not been granted those access rights. (0xc0000022)
[1229/190823.194:ERROR:exception_snapshot_win.cc(99)] thread ID 9284 not found in process
[1229/190823.209:ERROR:process_reader_win.cc(123)] NtOpenThread: {Access Denied} A process has requested access to an object, but has not been granted those access rights. (0xc0000022)
[1229/190823.209:ERROR:exception_snapshot_win.cc(99)] thread ID 4556 not found in process
[1229/191147.749:ERROR:process_reader_win.cc(123)] NtOpenThread: {Access Denied} A process has requested access to an object, but has not been granted those access rights. (0xc0000022)
[1229/191147.749:ERROR:exception_snapshot_win.cc(99)] thread ID 8556 not found in process
[1229/191147.764:ERROR:process_reader_win.cc(123)] NtOpenThread: {Access Denied} A process has requested access to an object, but has not been granted those access rights. (0xc0000022)
[1229/191147.764:ERROR:exception_snapshot_win.cc(99)] thread ID 12228 not found in process
[1229/191208.108:ERROR:process_reader_win.cc(123)] NtOpenThread: {Access Denied} A process has requested access to an object, but has not been granted those access rights. (0xc0000022)
[1229/191208.108:ERROR:exception_snapshot_win.cc(99)] thread ID 13416 not found in process
[1229/191208.109:ERROR:process_reader_win.cc(123)] NtOpenThread: {Access Denied} A process has requested access to an object, but has not been granted those access rights. (0xc0000022)
[1229/191208.109:ERROR:exception_snapshot_win.cc(99)] thread ID 5492 not found in process
[1229/191208.121:ERROR:process_reader_win.cc(123)] NtOpenThread: {Access Denied} A process has requested access to an object, but has not been granted those access rights. (0xc0000022)
[1229/191208.121:ERROR:exception_snapshot_win.cc(99)] thread ID 18588 not found in process
[1229/191303.592:ERROR:process_reader_win.cc(123)] NtOpenThread: {Access Denied} A process has requested access to an object, but has not been granted those access rights. (0xc0000022)
[1229/191303.592:ERROR:exception_snapshot_win.cc(99)] thread ID 19112 not found in process
[1229/191303.608:ERROR:process_reader_win.cc(123)] NtOpenThread: {Access Denied} A process has requested access to an object, but has not been granted those access rights. (0xc0000022)
[1229/191303.608:ERROR:exception_snapshot_win.cc(99)] thread ID 12404 not found in process
[1229/191422.031:ERROR:process_reader_win.cc(123)] NtOpenThread: {Access Denied} A process has requested access to an object, but has not been granted those access rights. (0xc0000022)
[1229/191422.031:ERROR:exception_snapshot_win.cc(99)] thread ID 2228 not found in process
[1229/191422.044:ERROR:process_reader_win.cc(123)] NtOpenThread: {Access Denied} A process has requested access to an object, but has not been granted those access rights. (0xc0000022)
[1229/191422.044:ERROR:exception_snapshot_win.cc(99)] thread ID 18132 not found in process
[1229/192423.681:ERROR:directory_reader_win.cc(43)] FindFirstFile: The system cannot find the path specified. (0x3)
[1229/195210.460:ERROR:process_reader_win.cc(123)] NtOpenThread: {Access Denied} A process has requested access to an object, but has not been granted those access rights. (0xc0000022)
[1229/195210.461:ERROR:exception_snapshot_win.cc(99)] thread ID 10460 not found in process
[1229/195210.474:ERROR:process_reader_win.cc(123)] NtOpenThread: {Access Denied} A process has requested access to an object, but has not been granted those access rights. (0xc0000022)
[1229/195210.474:ERROR:exception_snapshot_win.cc(99)] thread ID 4120 not found in process
[1229/195408.121:ERROR:process_reader_win.cc(123)] NtOpenThread: {Access Denied} A process has requested access to an object, but has not been granted those access rights. (0xc0000022)
[1229/195408.121:ERROR:exception_snapshot_win.cc(99)] thread ID 18812 not found in process
[1229/195408.122:ERROR:process_reader_win.cc(123)] NtOpenThread: {Access Denied} A process has requested access to an object, but has not been granted those access rights. (0xc0000022)
[1229/195408.122:ERROR:exception_snapshot_win.cc(99)] thread ID 15524 not found in process
[1229/195408.139:ERROR:process_reader_win.cc(123)] NtOpenThread: {Access Denied} A process has requested access to an object, but has not been granted those access rights. (0xc0000022)
[1229/195408.139:ERROR:exception_snapshot_win.cc(99)] thread ID 9720 not found in process
[1229/195507.472:ERROR:process_reader_win.cc(123)] NtOpenThread: {Access Denied} A process has requested access to an object, but has not been granted those access rights. (0xc0000022)
[1229/195507.472:ERROR:exception_snapshot_win.cc(99)] thread ID 8116 not found in process
[1229/195507.488:ERROR:process_reader_win.cc(123)] NtOpenThread: {Access Denied} A process has requested access to an object, but has not been granted those access rights. (0xc0000022)
[1229/195507.488:ERROR:exception_snapshot_win.cc(99)] thread ID 19392 not found in process
[1229/201108.349:ERROR:process_reader_win.cc(123)] NtOpenThread: {Access Denied} A process has requested access to an object, but has not been granted those access rights. (0xc0000022)
[1229/201108.349:ERROR:exception_snapshot_win.cc(99)] thread ID 12532 not found in process
[1229/201108.362:ERROR:process_reader_win.cc(123)] NtOpenThread: {Access Denied} A process has requested access to an object, but has not been granted those access rights. (0xc0000022)
[1229/201108.362:ERROR:exception_snapshot_win.cc(99)] thread ID 17312 not found in process
[1229/201401.942:ERROR:process_reader_win.cc(123)] NtOpenThread: {Access Denied} A process has requested access to an object, but has not been granted those access rights. (0xc0000022)
[1229/201401.942:ERROR:exception_snapshot_win.cc(99)] thread ID 11664 not found in process
[1229/201401.956:ERROR:process_reader_win.cc(123)] NtOpenThread: {Access Denied} A process has requested access to an object, but has not been granted those access rights. (0xc0000022)
[1229/201401.956:ERROR:exception_snapshot_win.cc(99)] thread ID 13732 not found in process
[1229/201838.553:ERROR:process_reader_win.cc(123)] NtOpenThread: {Access Denied} A process has requested access to an object, but has not been granted those access rights. (0xc0000022)
[1229/201838.553:ERROR:exception_snapshot_win.cc(99)] thread ID 2980 not found in process
[1229/201838.556:ERROR:process_reader_win.cc(123)] NtOpenThread: {Access Denied} A process has requested access to an object, but has not been granted those access rights. (0xc0000022)
[1229/201838.556:ERROR:exception_snapshot_win.cc(99)] thread ID 2224 not found in process
[1229/201838.569:ERROR:process_reader_win.cc(123)] NtOpenThread: {Access Denied} A process has requested access to an object, but has not been granted those access rights. (0xc0000022)
[1229/201838.569:ERROR:exception_snapshot_win.cc(99)] thread ID 10484 not found in process
[1229/201938.295:ERROR:process_reader_win.cc(123)] NtOpenThread: {Access Denied} A process has requested access to an object, but has not been granted those access rights. (0xc0000022)
[1229/201938.295:ERROR:exception_snapshot_win.cc(99)] thread ID 12776 not found in process
[1229/201938.311:ERROR:process_reader_win.cc(123)] NtOpenThread: {Access Denied} A process has requested access to an object, but has not been granted those access rights. (0xc0000022)
[1229/201938.311:ERROR:exception_snapshot_win.cc(99)] thread ID 5340 not found in process
[1229/202102.202:ERROR:process_reader_win.cc(123)] NtOpenThread: {Access Denied} A process has requested access to an object, but has not been granted those access rights. (0xc0000022)
[1229/202102.203:ERROR:exception_snapshot_win.cc(99)] thread ID 6604 not found in process
[1229/202102.217:ERROR:process_reader_win.cc(123)] NtOpenThread: {Access Denied} A process has requested access to an object, but has not been granted those access rights. (0xc0000022)
[1229/202102.217:ERROR:exception_snapshot_win.cc(99)] thread ID 8788 not found in process
[1229/202249.570:ERROR:process_reader_win.cc(123)] NtOpenThread: {Access Denied} A process has requested access to an object, but has not been granted those access rights. (0xc0000022)
[1229/202249.570:ERROR:exception_snapshot_win.cc(99)] thread ID 16808 not found in process
[1229/202249.585:ERROR:process_reader_win.cc(123)] NtOpenThread: {Access Denied} A process has requested access to an object, but has not been granted those access rights. (0xc0000022)
[1229/202249.585:ERROR:exception_snapshot_win.cc(99)] thread ID 10884 not found in process
[1229/202810.901:ERROR:process_reader_win.cc(123)] NtOpenThread: {Access Denied} A process has requested access to an object, but has not been granted those access rights. (0xc0000022)
[1229/202810.901:ERROR:process_reader_win.cc(123)] NtOpenThread: {Access Denied} A process has requested access to an object, but has not been granted those access rights. (0xc0000022)
[1229/202810.902:ERROR:exception_snapshot_win.cc(99)] thread ID 904 not found in process
[1229/202810.902:ERROR:exception_snapshot_win.cc(99)] thread ID 1772 not found in process
[1229/202810.926:ERROR:process_reader_win.cc(123)] NtOpenThread: {Access Denied} A process has requested access to an object, but has not been granted those access rights. (0xc0000022)
[1229/202810.926:ERROR:process_reader_win.cc(123)] NtOpenThread: {Access Denied} A process has requested access to an object, but has not been granted those access rights. (0xc0000022)
[1229/202810.926:ERROR:exception_snapshot_win.cc(99)] thread ID 16564 not found in process
[1229/202810.926:ERROR:exception_snapshot_win.cc(99)] thread ID 18980 not found in process
[1229/203052.367:ERROR:process_reader_win.cc(123)] NtOpenThread: {Access Denied} A process has requested access to an object, but has not been granted those access rights. (0xc0000022)
[1229/203052.367:ERROR:process_reader_win.cc(123)] NtOpenThread: {Access Denied} A process has requested access to an object, but has not been granted those access rights. (0xc0000022)
[1229/203052.367:ERROR:exception_snapshot_win.cc(99)] thread ID 2492 not found in process
[1229/203052.367:ERROR:exception_snapshot_win.cc(99)] thread ID 16716 not found in process
[1229/203052.389:ERROR:process_reader_win.cc(123)] NtOpenThread: {Access Denied} A process has requested access to an object, but has not been granted those access rights. (0xc0000022)
[1229/203052.389:ERROR:process_reader_win.cc(123)] NtOpenThread: {Access Denied} A process has requested access to an object, but has not been granted those access rights. (0xc0000022)
[1229/203052.389:ERROR:exception_snapshot_win.cc(99)] thread ID 17528 not found in process
[1229/203052.389:ERROR:exception_snapshot_win.cc(99)] thread ID 5984 not found in process
[1229/203243.585:ERROR:process_reader_win.cc(123)] NtOpenThread: {Access Denied} A process has requested access to an object, but has not been granted those access rights. (0xc0000022)
[1229/203243.585:ERROR:exception_snapshot_win.cc(99)] thread ID 18652 not found in process
[1229/203243.595:ERROR:process_reader_win.cc(123)] NtOpenThread: {Access Denied} A process has requested access to an object, but has not been granted those access rights. (0xc0000022)
[1229/203243.595:ERROR:exception_snapshot_win.cc(99)] thread ID 18872 not found in process
[1229/203425.242:ERROR:process_reader_win.cc(123)] NtOpenThread: {Access Denied} A process has requested access to an object, but has not been granted those access rights. (0xc0000022)
[1229/203425.243:ERROR:exception_snapshot_win.cc(99)] thread ID 9052 not found in process
[1229/203425.258:ERROR:process_reader_win.cc(123)] NtOpenThread: {Access Denied} A process has requested access to an object, but has not been granted those access rights. (0xc0000022)
[1229/203425.258:ERROR:exception_snapshot_win.cc(99)] thread ID 13996 not found in process
[1229/203843.450:ERROR:process_reader_win.cc(123)] NtOpenThread: {Access Denied} A process has requested access to an object, but has not been granted those access rights. (0xc0000022)
[1229/203843.451:ERROR:exception_snapshot_win.cc(99)] thread ID 8076 not found in process
[1229/203843.463:ERROR:process_reader_win.cc(123)] NtOpenThread: {Access Denied} A process has requested access to an object, but has not been granted those access rights. (0xc0000022)
[1229/203843.463:ERROR:exception_snapshot_win.cc(99)] thread ID 18500 not found in process
[1229/203932.418:ERROR:process_reader_win.cc(123)] NtOpenThread: {Access Denied} A process has requested access to an object, but has not been granted those access rights. (0xc0000022)
[1229/203932.419:ERROR:exception_snapshot_win.cc(99)] thread ID 18600 not found in process
[1229/203932.430:ERROR:process_reader_win.cc(123)] NtOpenThread: {Access Denied} A process has requested access to an object, but has not been granted those access rights. (0xc0000022)
[1229/203932.430:ERROR:exception_snapshot_win.cc(99)] thread ID 7384 not found in process
[1229/204040.831:ERROR:process_reader_win.cc(123)] NtOpenThread: {Access Denied} A process has requested access to an object, but has not been granted those access rights. (0xc0000022)
[1229/204040.832:ERROR:exception_snapshot_win.cc(99)] thread ID 1948 not found in process
[1229/204040.842:ERROR:process_reader_win.cc(123)] NtOpenThread: {Access Denied} A process has requested access to an object, but has not been granted those access rights. (0xc0000022)
[1229/204040.842:ERROR:exception_snapshot_win.cc(99)] thread ID 18280 not found in process
[1229/204751.069:ERROR:process_reader_win.cc(123)] NtOpenThread: {Access Denied} A process has requested access to an object, but has not been granted those access rights. (0xc0000022)
[1229/204751.070:ERROR:exception_snapshot_win.cc(99)] thread ID 14960 not found in process
[1229/204751.084:ERROR:process_reader_win.cc(123)] NtOpenThread: {Access Denied} A process has requested access to an object, but has not been granted those access rights. (0xc0000022)
[1229/204751.084:ERROR:exception_snapshot_win.cc(99)] thread ID 2196 not found in process
[1229/205207.021:ERROR:process_reader_win.cc(123)] NtOpenThread: {Access Denied} A process has requested access to an object, but has not been granted those access rights. (0xc0000022)
[1229/205207.022:ERROR:exception_snapshot_win.cc(99)] thread ID 2864 not found in process
[1229/205207.035:ERROR:process_reader_win.cc(123)] NtOpenThread: {Access Denied} A process has requested access to an object, but has not been granted those access rights. (0xc0000022)
[1229/205207.035:ERROR:exception_snapshot_win.cc(99)] thread ID 2604 not found in process
[1229/205324.192:ERROR:process_reader_win.cc(123)] NtOpenThread: {Access Denied} A process has requested access to an object, but has not been granted those access rights. (0xc0000022)
[1229/205324.193:ERROR:exception_snapshot_win.cc(99)] thread ID 2468 not found in process
[1229/205324.208:ERROR:process_reader_win.cc(123)] NtOpenThread: {Access Denied} A process has requested access to an object, but has not been granted those access rights. (0xc0000022)
[1229/205324.208:ERROR:exception_snapshot_win.cc(99)] thread ID 18016 not found in process
[1229/205511.996:ERROR:process_reader_win.cc(123)] NtOpenThread: {Access Denied} A process has requested access to an object, but has not been granted those access rights. (0xc0000022)
[1229/205511.996:ERROR:exception_snapshot_win.cc(99)] thread ID 6628 not found in process
[1229/205512.008:ERROR:process_reader_win.cc(123)] NtOpenThread: {Access Denied} A process has requested access to an object, but has not been granted those access rights. (0xc0000022)
[1229/205512.008:ERROR:exception_snapshot_win.cc(99)] thread ID 2436 not found in process
[1229/210624.098:ERROR:directory_reader_win.cc(43)] FindFirstFile: The system cannot find the path specified. (0x3)
[1229/210902.676:ERROR:directory_reader_win.cc(43)] FindFirstFile: The system cannot find the path specified. (0x3)
[1229/211011.587:ERROR:directory_reader_win.cc(43)] FindFirstFile: The system cannot find the path specified. (0x3)
[1229/211258.635:ERROR:directory_reader_win.cc(43)] FindFirstFile: The system cannot find the path specified. (0x3)
[1229/211536.765:ERROR:process_reader_win.cc(123)] NtOpenThread: {Access Denied} A process has requested access to an object, but has not been granted those access rights. (0xc0000022)
[1229/211536.766:ERROR:exception_snapshot_win.cc(99)] thread ID 21488 not found in process
[1229/211536.767:ERROR:process_reader_win.cc(123)] NtOpenThread: {Access Denied} A process has requested access to an object, but has not been granted those access rights. (0xc0000022)
[1229/211536.768:ERROR:exception_snapshot_win.cc(99)] thread ID 23768 not found in process
[1229/211536.769:ERROR:process_reader_win.cc(123)] NtOpenThread: {Access Denied} A process has requested access to an object, but has not been granted those access rights. (0xc0000022)
[1229/211536.770:ERROR:exception_snapshot_win.cc(99)] thread ID 20520 not found in process
[1229/211536.783:ERROR:process_reader_win.cc(151)] SuspendThread: Access is denied. (0x5)
[1229/211536.783:ERROR:process_reader_win.cc(123)] NtOpenThread: {Access Denied} A process has requested access to an object, but has not been granted those access rights. (0xc0000022)
[1229/211536.783:ERROR:exception_snapshot_win.cc(99)] thread ID 19816 not found in process
[1229/211536.784:ERROR:process_reader_win.cc(123)] NtOpenThread: {Access Denied} A process has requested access to an object, but has not been granted those access rights. (0xc0000022)
[1229/211536.784:ERROR:exception_snapshot_win.cc(99)] thread ID 14872 not found in process
[1229/211536.787:ERROR:process_reader_win.cc(151)] SuspendThread: Access is denied. (0x5)
[1229/211536.787:ERROR:process_reader_win.cc(151)] SuspendThread: Access is denied. (0x5)
[1229/211536.787:ERROR:process_reader_win.cc(123)] NtOpenThread: {Access Denied} A process has requested access to an object, but has not been granted those access rights. (0xc0000022)
[1229/211536.788:ERROR:exception_snapshot_win.cc(99)] thread ID 15748 not found in process
[1229/211536.787:ERROR:process_reader_win.cc(123)] NtOpenThread: {Access Denied} A process has requested access to an object, but has not been granted those access rights. (0xc0000022)
[1229/211536.788:ERROR:exception_snapshot_win.cc(99)] thread ID 3216 not found in process
[1229/211536.791:ERROR:process_reader_win.cc(151)] SuspendThread: Access is denied. (0x5)
[1229/211536.791:ERROR:process_reader_win.cc(123)] NtOpenThread: {Access Denied} A process has requested access to an object, but has not been granted those access rights. (0xc0000022)
[1229/211536.792:ERROR:exception_snapshot_win.cc(99)] thread ID 8268 not found in process
[1229/211536.858:ERROR:process_reader_win.cc(123)] NtOpenThread: {Access Denied} A process has requested access to an object, but has not been granted those access rights. (0xc0000022)
[1229/211536.858:ERROR:exception_snapshot_win.cc(99)] thread ID 23688 not found in process
[1229/211536.867:ERROR:process_reader_win.cc(151)] SuspendThread: Access is denied. (0x5)
[1229/211536.867:ERROR:process_reader_win.cc(151)] SuspendThread: Access is denied. (0x5)
[1229/211536.867:ERROR:process_reader_win.cc(123)] NtOpenThread: {Access Denied} A process has requested access to an object, but has not been granted those access rights. (0xc0000022)
[1229/211536.867:ERROR:exception_snapshot_win.cc(99)] thread ID 17236 not found in process
[1229/211536.869:ERROR:process_reader_win.cc(151)] SuspendThread: Access is denied. (0x5)
[1229/211536.869:ERROR:process_reader_win.cc(123)] NtOpenThread: {Access Denied} A process has requested access to an object, but has not been granted those access rights. (0xc0000022)
[1229/211536.869:ERROR:exception_snapshot_win.cc(99)] thread ID 20420 not found in process
[1229/211536.883:ERROR:process_reader_win.cc(123)] NtOpenThread: {Access Denied} A process has requested access to an object, but has not been granted those access rights. (0xc0000022)
[1229/211536.883:ERROR:exception_snapshot_win.cc(99)] thread ID 23536 not found in process
[1229/211536.883:ERROR:process_reader_win.cc(151)] SuspendThread: Access is denied. (0x5)
[1229/211536.884:ERROR:process_reader_win.cc(151)] SuspendThread: Access is denied. (0x5)
[1229/211536.884:ERROR:process_reader_win.cc(123)] NtOpenThread: {Access Denied} A process has requested access to an object, but has not been granted those access rights. (0xc0000022)
[1229/211536.884:ERROR:exception_snapshot_win.cc(99)] thread ID 19204 not found in process
[1229/211536.893:ERROR:process_reader_win.cc(123)] NtOpenThread: {Access Denied} A process has requested access to an object, but has not been granted those access rights. (0xc0000022)
[1229/211536.894:ERROR:exception_snapshot_win.cc(99)] thread ID 22176 not found in process
[1229/211558.819:ERROR:process_reader_win.cc(123)] NtOpenThread: {Access Denied} A process has requested access to an object, but has not been granted those access rights. (0xc0000022)
[1229/211558.819:ERROR:process_reader_win.cc(123)] NtOpenThread: {Access Denied} A process has requested access to an object, but has not been granted those access rights. (0xc0000022)
[1229/211558.820:ERROR:exception_snapshot_win.cc(99)] thread ID 23620 not found in process
[1229/211558.820:ERROR:exception_snapshot_win.cc(99)] thread ID 18744 not found in process
[1229/211558.831:ERROR:process_reader_win.cc(123)] NtOpenThread: {Access Denied} A process has requested access to an object, but has not been granted those access rights. (0xc0000022)
[1229/211558.831:ERROR:exception_snapshot_win.cc(99)] thread ID 23260 not found in process
[1229/211850.628:ERROR:process_reader_win.cc(123)] NtOpenThread: {Access Denied} A process has requested access to an object, but has not been granted those access rights. (0xc0000022)
[1229/211850.629:ERROR:exception_snapshot_win.cc(99)] thread ID 20988 not found in process
[1229/211850.642:ERROR:process_reader_win.cc(123)] NtOpenThread: {Access Denied} A process has requested access to an object, but has not been granted those access rights. (0xc0000022)
[1229/211850.642:ERROR:exception_snapshot_win.cc(99)] thread ID 24568 not found in process
[1229/212408.484:ERROR:process_reader_win.cc(123)] NtOpenThread: {Access Denied} A process has requested access to an object, but has not been granted those access rights. (0xc0000022)
[1229/212408.485:ERROR:exception_snapshot_win.cc(99)] thread ID 23308 not found in process
[1229/212408.497:ERROR:process_reader_win.cc(123)] NtOpenThread: {Access Denied} A process has requested access to an object, but has not been granted those access rights. (0xc0000022)
[1229/212408.497:ERROR:exception_snapshot_win.cc(99)] thread ID 13832 not found in process
[1229/213020.336:ERROR:process_reader_win.cc(123)] NtOpenThread: {Access Denied} A process has requested access to an object, but has not been granted those access rights. (0xc0000022)
[1229/213020.336:ERROR:exception_snapshot_win.cc(99)] thread ID 19976 not found in process
[1229/213020.350:ERROR:process_reader_win.cc(123)] NtOpenThread: {Access Denied} A process has requested access to an object, but has not been granted those access rights. (0xc0000022)
[1229/213020.350:ERROR:exception_snapshot_win.cc(99)] thread ID 17056 not found in process
[1229/213417.100:ERROR:process_reader_win.cc(123)] NtOpenThread: {Access Denied} A process has requested access to an object, but has not been granted those access rights. (0xc0000022)
[1229/213417.101:ERROR:exception_snapshot_win.cc(99)] thread ID 21472 not found in process
[1229/213417.115:ERROR:process_reader_win.cc(123)] NtOpenThread: {Access Denied} A process has requested access to an object, but has not been granted those access rights. (0xc0000022)
[1229/213417.115:ERROR:exception_snapshot_win.cc(99)] thread ID 21380 not found in process
[1229/213916.227:ERROR:process_reader_win.cc(123)] NtOpenThread: {Access Denied} A process has requested access to an object, but has not been granted those access rights. (0xc0000022)
[1229/213916.228:ERROR:exception_snapshot_win.cc(99)] thread ID 24548 not found in process
[1229/213916.243:ERROR:process_reader_win.cc(123)] NtOpenThread: {Access Denied} A process has requested access to an object, but has not been granted those access rights. (0xc0000022)
[1229/213916.243:ERROR:exception_snapshot_win.cc(99)] thread ID 24320 not found in process
[1229/214543.285:ERROR:process_reader_win.cc(123)] NtOpenThread: {Access Denied} A process has requested access to an object, but has not been granted those access rights. (0xc0000022)
[1229/214543.285:ERROR:exception_snapshot_win.cc(99)] thread ID 6368 not found in process
[1229/214543.295:ERROR:process_reader_win.cc(123)] NtOpenThread: {Access Denied} A process has requested access to an object, but has not been granted those access rights. (0xc0000022)
[1229/214543.295:ERROR:exception_snapshot_win.cc(99)] thread ID 9520 not found in process
[1229/215544.714:ERROR:directory_reader_win.cc(43)] FindFirstFile: The system cannot find the path specified. (0x3)
[1230/112210.578:ERROR:process_reader_win.cc(123)] NtOpenThread: {Access Denied} A process has requested access to an object, but has not been granted those access rights. (0xc0000022)
[1230/112210.579:ERROR:exception_snapshot_win.cc(99)] thread ID 2196 not found in process
[1230/112210.595:ERROR:process_reader_win.cc(123)] NtOpenThread: {Access Denied} A process has requested access to an object, but has not been granted those access rights. (0xc0000022)
[1230/112210.595:ERROR:exception_snapshot_win.cc(99)] thread ID 15668 not found in process
[1230/113237.215:ERROR:directory_reader_win.cc(43)] FindFirstFile: The system cannot find the path specified. (0x3)
[1230/205509.245:ERROR:process_reader_win.cc(123)] NtOpenThread: {Access Denied} A process has requested access to an object, but has not been granted those access rights. (0xc0000022)
[1230/205509.245:ERROR:exception_snapshot_win.cc(99)] thread ID 19052 not found in process
[1230/205509.260:ERROR:process_reader_win.cc(123)] NtOpenThread: {Access Denied} A process has requested access to an object, but has not been granted those access rights. (0xc0000022)
[1230/205509.260:ERROR:exception_snapshot_win.cc(99)] thread ID 23372 not found in process
[1230/205730.292:ERROR:process_reader_win.cc(123)] NtOpenThread: {Access Denied} A process has requested access to an object, but has not been granted those access rights. (0xc0000022)
[1230/205730.293:ERROR:exception_snapshot_win.cc(99)] thread ID 18532 not found in process
[1230/205730.304:ERROR:process_reader_win.cc(123)] NtOpenThread: {Access Denied} A process has requested access to an object, but has not been granted those access rights. (0xc0000022)
[1230/205730.304:ERROR:exception_snapshot_win.cc(99)] thread ID 14388 not found in process
[1230/225908.787:ERROR:process_reader_win.cc(123)] NtOpenThread: {Access Denied} A process has requested access to an object, but has not been granted those access rights. (0xc0000022)
[1230/225908.788:ERROR:exception_snapshot_win.cc(99)] thread ID 18656 not found in process
[1230/225908.800:ERROR:process_reader_win.cc(123)] NtOpenThread: {Access Denied} A process has requested access to an object, but has not been granted those access rights. (0xc0000022)
[1230/225908.800:ERROR:exception_snapshot_win.cc(99)] thread ID 21800 not found in process
[1231/101120.863:ERROR:process_reader_win.cc(123)] NtOpenThread: {Access Denied} A process has requested access to an object, but has not been granted those access rights. (0xc0000022)
[1231/101120.863:ERROR:exception_snapshot_win.cc(99)] thread ID 17040 not found in process
[1231/101120.880:ERROR:process_reader_win.cc(123)] NtOpenThread: {Access Denied} A process has requested access to an object, but has not been granted those access rights. (0xc0000022)
[1231/101120.880:ERROR:exception_snapshot_win.cc(99)] thread ID 2068 not found in process
[0103/202617.882:ERROR:process_reader_win.cc(123)] NtOpenThread: {Access Denied} A process has requested access to an object, but has not been granted those access rights. (0xc0000022)
[0103/202617.883:ERROR:exception_snapshot_win.cc(99)] thread ID 16952 not found in process
[0103/202617.896:ERROR:process_reader_win.cc(123)] NtOpenThread: {Access Denied} A process has requested access to an object, but has not been granted those access rights. (0xc0000022)
[0103/202617.896:ERROR:exception_snapshot_win.cc(99)] thread ID 23348 not found in process
[0103/203005.681:ERROR:process_reader_win.cc(123)] NtOpenThread: {Access Denied} A process has requested access to an object, but has not been granted those access rights. (0xc0000022)
[0103/203005.681:ERROR:exception_snapshot_win.cc(99)] thread ID 23120 not found in process
[0103/203005.696:ERROR:process_reader_win.cc(123)] NtOpenThread: {Access Denied} A process has requested access to an object, but has not been granted those access rights. (0xc0000022)
[0103/203005.697:ERROR:exception_snapshot_win.cc(99)] thread ID 20764 not found in process
[0103/204215.404:ERROR:process_reader_win.cc(123)] NtOpenThread: {Access Denied} A process has requested access to an object, but has not been granted those access rights. (0xc0000022)
[0103/204215.404:ERROR:exception_snapshot_win.cc(99)] thread ID 4940 not found in process
[0103/204215.420:ERROR:process_reader_win.cc(123)] NtOpenThread: {Access Denied} A process has requested access to an object, but has not been granted those access rights. (0xc0000022)
[0103/204215.420:ERROR:exception_snapshot_win.cc(99)] thread ID 16832 not found in process
[0103/204314.417:ERROR:process_reader_win.cc(123)] NtOpenThread: {Access Denied} A process has requested access to an object, but has not been granted those access rights. (0xc0000022)
[0103/204314.417:ERROR:exception_snapshot_win.cc(99)] thread ID 2404 not found in process
[0103/204314.436:ERROR:process_reader_win.cc(123)] NtOpenThread: {Access Denied} A process has requested access to an object, but has not been granted those access rights. (0xc0000022)
[0103/204314.436:ERROR:exception_snapshot_win.cc(99)] thread ID 21284 not found in process
[0103/204843.533:ERROR:process_reader_win.cc(123)] NtOpenThread: {Access Denied} A process has requested access to an object, but has not been granted those access rights. (0xc0000022)
[0103/204843.534:ERROR:exception_snapshot_win.cc(99)] thread ID 4220 not found in process
[0103/204843.548:ERROR:process_reader_win.cc(123)] NtOpenThread: {Access Denied} A process has requested access to an object, but has not been granted those access rights. (0xc0000022)
[0103/204843.548:ERROR:exception_snapshot_win.cc(99)] thread ID 20520 not found in process
[0103/205132.573:ERROR:process_reader_win.cc(123)] NtOpenThread: {Access Denied} A process has requested access to an object, but has not been granted those access rights. (0xc0000022)
[0103/205132.573:ERROR:exception_snapshot_win.cc(99)] thread ID 14004 not found in process
[0103/205132.587:ERROR:process_reader_win.cc(123)] NtOpenThread: {Access Denied} A process has requested access to an object, but has not been granted those access rights. (0xc0000022)
[0103/205132.587:ERROR:exception_snapshot_win.cc(99)] thread ID 17444 not found in process
[0103/205651.020:ERROR:process_reader_win.cc(123)] NtOpenThread: {Access Denied} A process has requested access to an object, but has not been granted those access rights. (0xc0000022)
[0103/205651.020:ERROR:exception_snapshot_win.cc(99)] thread ID 21888 not found in process
[0103/205651.032:ERROR:process_reader_win.cc(123)] NtOpenThread: {Access Denied} A process has requested access to an object, but has not been granted those access rights. (0xc0000022)
[0103/205651.032:ERROR:exception_snapshot_win.cc(99)] thread ID 9052 not found in process
[0103/210007.909:ERROR:process_reader_win.cc(123)] NtOpenThread: {Access Denied} A process has requested access to an object, but has not been granted those access rights. (0xc0000022)
[0103/210007.909:ERROR:exception_snapshot_win.cc(99)] thread ID 23220 not found in process
[0103/210007.925:ERROR:process_reader_win.cc(123)] NtOpenThread: {Access Denied} A process has requested access to an object, but has not been granted those access rights. (0xc0000022)
[0103/210007.925:ERROR:exception_snapshot_win.cc(99)] thread ID 8576 not found in process
[0104/171657.350:ERROR:process_reader_win.cc(123)] NtOpenThread: {Access Denied} A process has requested access to an object, but has not been granted those access rights. (0xc0000022)
[0104/171657.351:ERROR:exception_snapshot_win.cc(99)] thread ID 23196 not found in process
[0104/171657.365:ERROR:process_reader_win.cc(123)] NtOpenThread: {Access Denied} A process has requested access to an object, but has not been granted those access rights. (0xc0000022)
[0104/171657.365:ERROR:exception_snapshot_win.cc(99)] thread ID 7504 not found in process
[0104/171819.735:ERROR:process_reader_win.cc(123)] NtOpenThread: {Access Denied} A process has requested access to an object, but has not been granted those access rights. (0xc0000022)
[0104/171819.735:ERROR:exception_snapshot_win.cc(99)] thread ID 23128 not found in process
[0104/171819.751:ERROR:process_reader_win.cc(123)] NtOpenThread: {Access Denied} A process has requested access to an object, but has not been granted those access rights. (0xc0000022)
[0104/171819.751:ERROR:exception_snapshot_win.cc(99)] thread ID 15568 not found in process
[0104/172821.434:ERROR:directory_reader_win.cc(43)] FindFirstFile: The system cannot find the path specified. (0x3)
[0104/181233.781:ERROR:directory_reader_win.cc(43)] FindFirstFile: The system cannot find the path specified. (0x3)
[0104/190537.323:ERROR:process_reader_win.cc(123)] NtOpenThread: {Access Denied} A process has requested access to an object, but has not been granted those access rights. (0xc0000022)
[0104/190537.326:ERROR:exception_snapshot_win.cc(99)] thread ID 10932 not found in process
[0104/190537.327:ERROR:process_reader_win.cc(123)] NtOpenThread: {Access Denied} A process has requested access to an object, but has not been granted those access rights. (0xc0000022)
[0104/190537.327:ERROR:exception_snapshot_win.cc(99)] thread ID 9488 not found in process
[0105/001240.899:ERROR:process_reader_win.cc(123)] NtOpenThread: {Access Denied} A process has requested access to an object, but has not been granted those access rights. (0xc0000022)
[0105/001240.901:ERROR:exception_snapshot_win.cc(99)] thread ID 15736 not found in process
[0105/001240.916:ERROR:process_reader_win.cc(123)] NtOpenThread: {Access Denied} A process has requested access to an object, but has not been granted those access rights. (0xc0000022)
[0105/001240.916:ERROR:exception_snapshot_win.cc(99)] thread ID 904 not found in process
[0105/002457.853:ERROR:process_reader_win.cc(123)] NtOpenThread: {Access Denied} A process has requested access to an object, but has not been granted those access rights. (0xc0000022)
[0105/002457.855:ERROR:exception_snapshot_win.cc(99)] thread ID 16612 not found in process
[0105/002457.879:ERROR:process_reader_win.cc(123)] NtOpenThread: {Access Denied} A process has requested access to an object, but has not been granted those access rights. (0xc0000022)
[0105/002457.879:ERROR:exception_snapshot_win.cc(99)] thread ID 22832 not found in process
[0105/003154.921:ERROR:process_reader_win.cc(123)] NtOpenThread: {Access Denied} A process has requested access to an object, but has not been granted those access rights. (0xc0000022)
[0105/003154.922:ERROR:exception_snapshot_win.cc(99)] thread ID 12688 not found in process
[0105/003154.938:ERROR:process_reader_win.cc(123)] NtOpenThread: {Access Denied} A process has requested access to an object, but has not been granted those access rights. (0xc0000022)
[0105/003154.939:ERROR:exception_snapshot_win.cc(99)] thread ID 21212 not found in process
[0105/011301.277:ERROR:process_reader_win.cc(123)] NtOpenThread: {Access Denied} A process has requested access to an object, but has not been granted those access rights. (0xc0000022)
[0105/011301.277:ERROR:exception_snapshot_win.cc(99)] thread ID 16668 not found in process
[0105/011301.292:ERROR:process_reader_win.cc(123)] NtOpenThread: {Access Denied} A process has requested access to an object, but has not been granted those access rights. (0xc0000022)
[0105/011301.292:ERROR:exception_snapshot_win.cc(99)] thread ID 4740 not found in process
[0105/094216.498:ERROR:directory_reader_win.cc(43)] FindFirstFile: The system cannot find the path specified. (0x3)
[0105/095633.010:ERROR:process_reader_win.cc(123)] NtOpenThread: {Access Denied} A process has requested access to an object, but has not been granted those access rights. (0xc0000022)
[0105/095633.010:ERROR:exception_snapshot_win.cc(99)] thread ID 1320 not found in process
[0105/095633.021:ERROR:process_reader_win.cc(123)] NtOpenThread: {Access Denied} A process has requested access to an object, but has not been granted those access rights. (0xc0000022)
[0105/095633.021:ERROR:exception_snapshot_win.cc(99)] thread ID 6952 not found in process
[0105/101746.479:ERROR:directory_reader_win.cc(43)] FindFirstFile: The system cannot find the path specified. (0x3)
[0105/205436.849:ERROR:directory_reader_win.cc(43)] FindFirstFile: The system cannot find the path specified. (0x3)
[0105/210704.443:ERROR:process_reader_win.cc(123)] NtOpenThread: {Access Denied} A process has requested access to an object, but has not been granted those access rights. (0xc0000022)
[0105/210704.444:ERROR:exception_snapshot_win.cc(99)] thread ID 16156 not found in process
[0105/210704.461:ERROR:process_reader_win.cc(123)] NtOpenThread: {Access Denied} A process has requested access to an object, but has not been granted those access rights. (0xc0000022)
[0105/210704.461:ERROR:exception_snapshot_win.cc(99)] thread ID 20928 not found in process
[0107/210811.975:ERROR:directory_reader_win.cc(43)] FindFirstFile: The system cannot find the path specified. (0x3)
[0107/210908.795:ERROR:directory_reader_win.cc(43)] FindFirstFile: The system cannot find the path specified. (0x3)
[0107/211135.473:ERROR:directory_reader_win.cc(43)] FindFirstFile: The system cannot find the path specified. (0x3)
[0107/211457.491:ERROR:directory_reader_win.cc(43)] FindFirstFile: The system cannot find the path specified. (0x3)
[0107/211610.676:ERROR:directory_reader_win.cc(43)] FindFirstFile: The system cannot find the path specified. (0x3)
[0107/212144.826:ERROR:directory_reader_win.cc(43)] FindFirstFile: The system cannot find the path specified. (0x3)
[0107/214012.232:ERROR:directory_reader_win.cc(43)] FindFirstFile: The system cannot find the path specified. (0x3)
[0107/214150.198:ERROR:directory_reader_win.cc(43)] FindFirstFile: The system cannot find the path specified. (0x3)
[0107/214252.790:ERROR:directory_reader_win.cc(43)] FindFirstFile: The system cannot find the path specified. (0x3)
[0107/214359.696:ERROR:directory_reader_win.cc(43)] FindFirstFile: The system cannot find the path specified. (0x3)
[0107/220433.153:ERROR:directory_reader_win.cc(43)] FindFirstFile: The system cannot find the path specified. (0x3)
[0107/221408.797:ERROR:directory_reader_win.cc(43)] FindFirstFile: The system cannot find the path specified. (0x3)
[0107/221650.675:ERROR:process_reader_win.cc(123)] NtOpenThread: {Access Denied} A process has requested access to an object, but has not been granted those access rights. (0xc0000022)
[0107/221650.679:ERROR:exception_snapshot_win.cc(99)] thread ID 10652 not found in process
[0107/221650.678:ERROR:process_reader_win.cc(123)] NtOpenThread: {Access Denied} A process has requested access to an object, but has not been granted those access rights. (0xc0000022)
[0107/221650.679:ERROR:exception_snapshot_win.cc(99)] thread ID 2072 not found in process
[0107/221650.698:ERROR:process_reader_win.cc(123)] NtOpenThread: {Access Denied} A process has requested access to an object, but has not been granted those access rights. (0xc0000022)
[0107/221650.698:ERROR:exception_snapshot_win.cc(99)] thread ID 12484 not found in process
[0107/221650.709:ERROR:process_reader_win.cc(151)] SuspendThread: Access is denied. (0x5)
[0107/221650.709:ERROR:process_reader_win.cc(151)] SuspendThread: Access is denied. (0x5)
[0107/221650.709:ERROR:process_reader_win.cc(123)] NtOpenThread: {Access Denied} A process has requested access to an object, but has not been granted those access rights. (0xc0000022)
[0107/221650.709:ERROR:exception_snapshot_win.cc(99)] thread ID 22136 not found in process
[0107/221650.714:ERROR:process_reader_win.cc(123)] NtOpenThread: {Access Denied} A process has requested access to an object, but has not been granted those access rights. (0xc0000022)
[0107/221650.715:ERROR:exception_snapshot_win.cc(99)] thread ID 14804 not found in process
[0107/221650.719:ERROR:process_reader_win.cc(123)] NtOpenThread: {Access Denied} A process has requested access to an object, but has not been granted those access rights. (0xc0000022)
[0107/221650.719:ERROR:exception_snapshot_win.cc(99)] thread ID 15524 not found in process
[0107/221650.721:ERROR:process_reader_win.cc(123)] NtOpenThread: {Access Denied} A process has requested access to an object, but has not been granted those access rights. (0xc0000022)
[0107/221650.721:ERROR:exception_snapshot_win.cc(99)] thread ID 15312 not found in process
[0107/221650.722:ERROR:process_reader_win.cc(123)] NtOpenThread: {Access Denied} A process has requested access to an object, but has not been granted those access rights. (0xc0000022)
[0107/221650.722:ERROR:exception_snapshot_win.cc(99)] thread ID 20496 not found in process
[0107/221650.731:ERROR:process_reader_win.cc(123)] NtOpenThread: {Access Denied} A process has requested access to an object, but has not been granted those access rights. (0xc0000022)
[0107/221650.731:ERROR:exception_snapshot_win.cc(99)] thread ID 1984 not found in process
[0107/221650.732:ERROR:process_reader_win.cc(151)] SuspendThread: Access is denied. (0x5)
[0107/221650.732:ERROR:process_reader_win.cc(151)] SuspendThread: Access is denied. (0x5)
[0107/221650.732:ERROR:process_reader_win.cc(151)] SuspendThread: Access is denied. (0x5)
[0107/221650.732:ERROR:process_reader_win.cc(151)] SuspendThread: Access is denied. (0x5)
[0107/221650.732:ERROR:process_reader_win.cc(151)] SuspendThread: Access is denied. (0x5)
[0107/221650.732:ERROR:process_reader_win.cc(151)] SuspendThread: Access is denied. (0x5)
[0107/221650.732:ERROR:process_reader_win.cc(151)] SuspendThread: Access is denied. (0x5)
[0107/221650.732:ERROR:process_reader_win.cc(151)] SuspendThread: Access is denied. (0x5)
[0107/221650.732:ERROR:process_reader_win.cc(123)] NtOpenThread: {Access Denied} A process has requested access to an object, but has not been granted those access rights. (0xc0000022)
[0107/221650.732:ERROR:exception_snapshot_win.cc(99)] thread ID 3156 not found in process
[0107/221650.734:ERROR:process_reader_win.cc(151)] SuspendThread: Access is denied. (0x5)
[0107/221650.735:ERROR:process_reader_win.cc(151)] SuspendThread: Access is denied. (0x5)
[0107/221650.735:ERROR:process_reader_win.cc(123)] NtOpenThread: {Access Denied} A process has requested access to an object, but has not been granted those access rights. (0xc0000022)
[0107/221650.735:ERROR:exception_snapshot_win.cc(99)] thread ID 16788 not found in process
[0107/221650.734:ERROR:process_reader_win.cc(123)] NtOpenThread: {Access Denied} A process has requested access to an object, but has not been granted those access rights. (0xc0000022)
[0107/221650.735:ERROR:exception_snapshot_win.cc(99)] thread ID 9964 not found in process
[0107/221650.735:ERROR:process_reader_win.cc(123)] NtOpenThread: {Access Denied} A process has requested access to an object, but has not been granted those access rights. (0xc0000022)
[0107/221650.735:ERROR:exception_snapshot_win.cc(99)] thread ID 9112 not found in process
[0107/221650.771:ERROR:process_reader_win.cc(123)] NtOpenThread: {Access Denied} A process has requested access to an object, but has not been granted those access rights. (0xc0000022)
[0107/221650.771:ERROR:exception_snapshot_win.cc(99)] thread ID 12272 not found in process
[0107/222708.967:ERROR:directory_reader_win.cc(43)] FindFirstFile: The system cannot find the path specified. (0x3)
[0107/222821.856:ERROR:directory_reader_win.cc(43)] FindFirstFile: The system cannot find the path specified. (0x3)
[0107/223124.924:ERROR:directory_reader_win.cc(43)] FindFirstFile: The system cannot find the path specified. (0x3)
[0107/223525.985:ERROR:process_reader_win.cc(123)] NtOpenThread: {Access Denied} A process has requested access to an object, but has not been granted those access rights. (0xc0000022)
[0107/223525.986:ERROR:exception_snapshot_win.cc(99)] thread ID 15812 not found in process
[0107/223525.989:ERROR:process_reader_win.cc(123)] NtOpenThread: {Access Denied} A process has requested access to an object, but has not been granted those access rights. (0xc0000022)
[0107/223525.989:ERROR:exception_snapshot_win.cc(99)] thread ID 19604 not found in process
[0107/223525.991:ERROR:process_reader_win.cc(123)] NtOpenThread: {Access Denied} A process has requested access to an object, but has not been granted those access rights. (0xc0000022)
[0107/223525.992:ERROR:exception_snapshot_win.cc(99)] thread ID 14548 not found in process
[0107/223526.006:ERROR:process_reader_win.cc(123)] NtOpenThread: {Access Denied} A process has requested access to an object, but has not been granted those access rights. (0xc0000022)
[0107/223526.007:ERROR:exception_snapshot_win.cc(99)] thread ID 9672 not found in process
[0107/223526.008:ERROR:process_reader_win.cc(123)] NtOpenThread: {Access Denied} A process has requested access to an object, but has not been granted those access rights. (0xc0000022)
[0107/223526.008:ERROR:exception_snapshot_win.cc(99)] thread ID 19164 not found in process
[0107/223526.009:ERROR:process_reader_win.cc(123)] NtOpenThread: {Access Denied} A process has requested access to an object, but has not been granted those access rights. (0xc0000022)
[0107/223526.009:ERROR:exception_snapshot_win.cc(99)] thread ID 19336 not found in process
[0107/223526.017:ERROR:process_reader_win.cc(123)] NtOpenThread: {Access Denied} A process has requested access to an object, but has not been granted those access rights. (0xc0000022)
[0107/223526.017:ERROR:exception_snapshot_win.cc(99)] thread ID 4980 not found in process
[0107/223526.018:ERROR:process_reader_win.cc(123)] NtOpenThread: {Access Denied} A process has requested access to an object, but has not been granted those access rights. (0xc0000022)
[0107/223526.018:ERROR:exception_snapshot_win.cc(99)] thread ID 14564 not found in process
[0107/223526.023:ERROR:process_reader_win.cc(123)] NtOpenThread: {Access Denied} A process has requested access to an object, but has not been granted those access rights. (0xc0000022)
[0107/223526.023:ERROR:process_reader_win.cc(151)] SuspendThread: Access is denied. (0x5)
[0107/223526.023:ERROR:process_reader_win.cc(151)] SuspendThread: Access is denied. (0x5)
[0107/223526.024:ERROR:exception_snapshot_win.cc(99)] thread ID 18248 not found in process
[0107/223526.024:ERROR:process_reader_win.cc(151)] SuspendThread: Access is denied. (0x5)
[0107/223526.024:ERROR:process_reader_win.cc(123)] NtOpenThread: {Access Denied} A process has requested access to an object, but has not been granted those access rights. (0xc0000022)
[0107/223526.024:ERROR:process_reader_win.cc(151)] SuspendThread: Access is denied. (0x5)
[0107/223526.024:ERROR:exception_snapshot_win.cc(99)] thread ID 2660 not found in process
[0107/223526.024:ERROR:process_reader_win.cc(151)] SuspendThread: Access is denied. (0x5)
[0107/223526.024:ERROR:process_reader_win.cc(151)] SuspendThread: Access is denied. (0x5)
[0107/223526.024:ERROR:process_reader_win.cc(151)] SuspendThread: Access is denied. (0x5)
[0107/223526.024:ERROR:process_reader_win.cc(123)] NtOpenThread: {Access Denied} A process has requested access to an object, but has not been granted those access rights. (0xc0000022)
[0107/223526.024:ERROR:exception_snapshot_win.cc(99)] thread ID 20760 not found in process
[0107/225041.915:ERROR:process_reader_win.cc(123)] NtOpenThread: {Access Denied} A process has requested access to an object, but has not been granted those access rights. (0xc0000022)
[0107/225041.916:ERROR:exception_snapshot_win.cc(99)] thread ID 18784 not found in process
[0107/225041.930:ERROR:process_reader_win.cc(123)] NtOpenThread: {Access Denied} A process has requested access to an object, but has not been granted those access rights. (0xc0000022)
[0107/225041.931:ERROR:exception_snapshot_win.cc(99)] thread ID 22708 not found in process
[0107/232807.504:ERROR:process_reader_win.cc(123)] NtOpenThread: {Access Denied} A process has requested access to an object, but has not been granted those access rights. (0xc0000022)
[0107/232807.505:ERROR:exception_snapshot_win.cc(99)] thread ID 22972 not found in process
[0107/232807.517:ERROR:process_reader_win.cc(123)] NtOpenThread: {Access Denied} A process has requested access to an object, but has not been granted those access rights. (0xc0000022)
[0107/232807.517:ERROR:exception_snapshot_win.cc(99)] thread ID 3160 not found in process
[0107/232839.505:ERROR:process_reader_win.cc(123)] NtOpenThread: {Access Denied} A process has requested access to an object, but has not been granted those access rights. (0xc0000022)
[0107/232839.506:ERROR:exception_snapshot_win.cc(99)] thread ID 14724 not found in process
[0107/232839.523:ERROR:process_reader_win.cc(123)] NtOpenThread: {Access Denied} A process has requested access to an object, but has not been granted those access rights. (0xc0000022)
[0107/232839.523:ERROR:exception_snapshot_win.cc(99)] thread ID 17916 not found in process
[0107/232951.020:ERROR:process_reader_win.cc(123)] NtOpenThread: {Access Denied} A process has requested access to an object, but has not been granted those access rights. (0xc0000022)
[0107/232951.020:ERROR:exception_snapshot_win.cc(99)] thread ID 9168 not found in process
[0107/232951.037:ERROR:process_reader_win.cc(123)] NtOpenThread: {Access Denied} A process has requested access to an object, but has not been granted those access rights. (0xc0000022)
[0107/232951.037:ERROR:exception_snapshot_win.cc(99)] thread ID 9920 not found in process
[0107/233051.720:ERROR:process_reader_win.cc(123)] NtOpenThread: {Access Denied} A process has requested access to an object, but has not been granted those access rights. (0xc0000022)
[0107/233051.720:ERROR:exception_snapshot_win.cc(99)] thread ID 17076 not found in process
[0107/233051.735:ERROR:process_reader_win.cc(123)] NtOpenThread: {Access Denied} A process has requested access to an object, but has not been granted those access rights. (0xc0000022)
[0107/233051.735:ERROR:exception_snapshot_win.cc(99)] thread ID 19772 not found in process
[0107/233208.813:ERROR:process_reader_win.cc(123)] NtOpenThread: {Access Denied} A process has requested access to an object, but has not been granted those access rights. (0xc0000022)
[0107/233208.814:ERROR:exception_snapshot_win.cc(99)] thread ID 4220 not found in process
[0107/233208.829:ERROR:process_reader_win.cc(123)] NtOpenThread: {Access Denied} A process has requested access to an object, but has not been granted those access rights. (0xc0000022)
[0107/233208.829:ERROR:exception_snapshot_win.cc(99)] thread ID 23516 not found in process
[0107/233419.081:ERROR:process_reader_win.cc(123)] NtOpenThread: {Access Denied} A process has requested access to an object, but has not been granted those access rights. (0xc0000022)
[0107/233419.081:ERROR:exception_snapshot_win.cc(99)] thread ID 23936 not found in process
[0107/233419.096:ERROR:process_reader_win.cc(123)] NtOpenThread: {Access Denied} A process has requested access to an object, but has not been granted those access rights. (0xc0000022)
[0107/233419.096:ERROR:exception_snapshot_win.cc(99)] thread ID 22104 not found in process
[0107/233706.000:ERROR:process_reader_win.cc(123)] NtOpenThread: {Access Denied} A process has requested access to an object, but has not been granted those access rights. (0xc0000022)
[0107/233706.000:ERROR:exception_snapshot_win.cc(99)] thread ID 18816 not found in process
[0107/233706.017:ERROR:process_reader_win.cc(123)] NtOpenThread: {Access Denied} A process has requested access to an object, but has not been granted those access rights. (0xc0000022)
[0107/233706.017:ERROR:exception_snapshot_win.cc(99)] thread ID 7576 not found in process
[0107/233927.875:ERROR:process_reader_win.cc(123)] NtOpenThread: {Access Denied} A process has requested access to an object, but has not been granted those access rights. (0xc0000022)
[0107/233927.876:ERROR:exception_snapshot_win.cc(99)] thread ID 22740 not found in process
[0107/233927.891:ERROR:process_reader_win.cc(123)] NtOpenThread: {Access Denied} A process has requested access to an object, but has not been granted those access rights. (0xc0000022)
[0107/233927.891:ERROR:exception_snapshot_win.cc(99)] thread ID 19452 not found in process
[0107/234324.956:ERROR:process_reader_win.cc(123)] NtOpenThread: {Access Denied} A process has requested access to an object, but has not been granted those access rights. (0xc0000022)
[0107/234324.956:ERROR:exception_snapshot_win.cc(99)] thread ID 21664 not found in process
[0107/234324.970:ERROR:process_reader_win.cc(123)] NtOpenThread: {Access Denied} A process has requested access to an object, but has not been granted those access rights. (0xc0000022)
[0107/234324.970:ERROR:exception_snapshot_win.cc(99)] thread ID 10468 not found in process
[0108/121324.067:ERROR:process_reader_win.cc(123)] NtOpenThread: {Access Denied} A process has requested access to an object, but has not been granted those access rights. (0xc0000022)
[0108/121324.068:ERROR:exception_snapshot_win.cc(99)] thread ID 20156 not found in process
[0108/121324.081:ERROR:process_reader_win.cc(123)] NtOpenThread: {Access Denied} A process has requested access to an object, but has not been granted those access rights. (0xc0000022)
[0108/121324.081:ERROR:exception_snapshot_win.cc(99)] thread ID 16172 not found in process
[0108/122610.097:ERROR:directory_reader_win.cc(43)] FindFirstFile: The system cannot find the path specified. (0x3)
[0108/132748.652:ERROR:process_reader_win.cc(123)] NtOpenThread: {Access Denied} A process has requested access to an object, but has not been granted those access rights. (0xc0000022)
[0108/132748.652:ERROR:exception_snapshot_win.cc(99)] thread ID 88 not found in process
[0108/132748.669:ERROR:process_reader_win.cc(123)] NtOpenThread: {Access Denied} A process has requested access to an object, but has not been granted those access rights. (0xc0000022)
[0108/132748.669:ERROR:exception_snapshot_win.cc(99)] thread ID 23600 not found in process
[0108/182349.475:ERROR:process_reader_win.cc(123)] NtOpenThread: {Access Denied} A process has requested access to an object, but has not been granted those access rights. (0xc0000022)
[0108/182349.475:ERROR:exception_snapshot_win.cc(99)] thread ID 7512 not found in process
[0108/182349.483:ERROR:process_reader_win.cc(123)] NtOpenThread: {Access Denied} A process has requested access to an object, but has not been granted those access rights. (0xc0000022)
[0108/182349.483:ERROR:exception_snapshot_win.cc(99)] thread ID 17076 not found in process
[0108/182349.483:ERROR:process_reader_win.cc(123)] NtOpenThread: {Access Denied} A process has requested access to an object, but has not been granted those access rights. (0xc0000022)
[0108/182349.484:ERROR:exception_snapshot_win.cc(99)] thread ID 7048 not found in process
[0108/182349.485:ERROR:process_reader_win.cc(123)] NtOpenThread: {Access Denied} A process has requested access to an object, but has not been granted those access rights. (0xc0000022)
[0108/182349.487:ERROR:exception_snapshot_win.cc(99)] thread ID 11428 not found in process
[0108/182349.496:ERROR:process_reader_win.cc(123)] NtOpenThread: {Access Denied} A process has requested access to an object, but has not been granted those access rights. (0xc0000022)
[0108/182349.496:ERROR:exception_snapshot_win.cc(99)] thread ID 1440 not found in process
[0108/182349.498:ERROR:process_reader_win.cc(123)] NtOpenThread: {Access Denied} A process has requested access to an object, but has not been granted those access rights. (0xc0000022)
[0108/182349.498:ERROR:exception_snapshot_win.cc(99)] thread ID 9244 not found in process
[0108/182349.498:ERROR:process_reader_win.cc(123)] NtOpenThread: {Access Denied} A process has requested access to an object, but has not been granted those access rights. (0xc0000022)
[0108/182349.498:ERROR:exception_snapshot_win.cc(99)] thread ID 2592 not found in process
[0108/183353.605:ERROR:process_reader_win.cc(123)] NtOpenThread: {Access Denied} A process has requested access to an object, but has not been granted those access rights. (0xc0000022)
[0108/183353.605:ERROR:exception_snapshot_win.cc(99)] thread ID 10412 not found in process
[0108/183353.616:ERROR:process_reader_win.cc(123)] NtOpenThread: {Access Denied} A process has requested access to an object, but has not been granted those access rights. (0xc0000022)
[0108/183353.616:ERROR:exception_snapshot_win.cc(99)] thread ID 22128 not found in process
[0108/184023.241:ERROR:process_reader_win.cc(151)] SuspendThread: Access is denied. (0x5)
[0108/184023.242:ERROR:process_reader_win.cc(123)] NtOpenThread: {Access Denied} A process has requested access to an object, but has not been granted those access rights. (0xc0000022)
[0108/184023.242:ERROR:exception_snapshot_win.cc(99)] thread ID 20604 not found in process
[0108/184023.243:ERROR:process_reader_win.cc(151)] SuspendThread: Access is denied. (0x5)
[0108/184023.243:ERROR:process_reader_win.cc(123)] NtOpenThread: {Access Denied} A process has requested access to an object, but has not been granted those access rights. (0xc0000022)
[0108/184023.243:ERROR:exception_snapshot_win.cc(99)] thread ID 14888 not found in process
[0108/184023.243:ERROR:process_reader_win.cc(151)] SuspendThread: Access is denied. (0x5)
[0108/184023.243:ERROR:process_reader_win.cc(123)] NtOpenThread: {Access Denied} A process has requested access to an object, but has not been granted those access rights. (0xc0000022)
[0108/184023.244:ERROR:exception_snapshot_win.cc(99)] thread ID 23240 not found in process
[0108/184023.265:ERROR:process_reader_win.cc(123)] NtOpenThread: {Access Denied} A process has requested access to an object, but has not been granted those access rights. (0xc0000022)
[0108/184023.265:ERROR:process_reader_win.cc(123)] NtOpenThread: {Access Denied} A process has requested access to an object, but has not been granted those access rights. (0xc0000022)
[0108/184023.265:ERROR:exception_snapshot_win.cc(99)] thread ID 22140 not found in process
[0108/184023.265:ERROR:exception_snapshot_win.cc(99)] thread ID 16608 not found in process
[0108/184659.405:ERROR:process_reader_win.cc(123)] NtOpenThread: {Access Denied} A process has requested access to an object, but has not been granted those access rights. (0xc0000022)
[0108/184659.406:ERROR:exception_snapshot_win.cc(99)] thread ID 5936 not found in process
[0108/184659.405:ERROR:process_reader_win.cc(123)] NtOpenThread: {Access Denied} A process has requested access to an object, but has not been granted those access rights. (0xc0000022)
[0108/184659.406:ERROR:exception_snapshot_win.cc(99)] thread ID 17916 not found in process
[0108/184659.426:ERROR:process_reader_win.cc(123)] NtOpenThread: {Access Denied} A process has requested access to an object, but has not been granted those access rights. (0xc0000022)
[0108/184659.426:ERROR:exception_snapshot_win.cc(99)] thread ID 18532 not found in process
[0108/184659.427:ERROR:process_reader_win.cc(123)] NtOpenThread: {Access Denied} A process has requested access to an object, but has not been granted those access rights. (0xc0000022)
[0108/184659.427:ERROR:exception_snapshot_win.cc(99)] thread ID 17116 not found in process
[0108/184937.764:ERROR:process_reader_win.cc(123)] NtOpenThread: {Access Denied} A process has requested access to an object, but has not been granted those access rights. (0xc0000022)
[0108/184937.764:ERROR:exception_snapshot_win.cc(99)] thread ID 10624 not found in process
[0108/184937.766:ERROR:process_reader_win.cc(123)] NtOpenThread: {Access Denied} A process has requested access to an object, but has not been granted those access rights. (0xc0000022)
[0108/184937.766:ERROR:exception_snapshot_win.cc(99)] thread ID 18736 not found in process
[0108/184937.776:ERROR:process_reader_win.cc(123)] NtOpenThread: {Access Denied} A process has requested access to an object, but has not been granted those access rights. (0xc0000022)
[0108/184937.776:ERROR:exception_snapshot_win.cc(99)] thread ID 22508 not found in process
[0108/191424.673:ERROR:directory_reader_win.cc(43)] FindFirstFile: The system cannot find the path specified. (0x3)
[0108/200729.441:ERROR:process_reader_win.cc(123)] NtOpenThread: {Access Denied} A process has requested access to an object, but has not been granted those access rights. (0xc0000022)
[0108/200729.442:ERROR:exception_snapshot_win.cc(99)] thread ID 22708 not found in process
[0108/200729.455:ERROR:process_reader_win.cc(123)] NtOpenThread: {Access Denied} A process has requested access to an object, but has not been granted those access rights. (0xc0000022)
[0108/200729.455:ERROR:exception_snapshot_win.cc(99)] thread ID 14824 not found in process
[0108/201801.713:ERROR:directory_reader_win.cc(43)] FindFirstFile: The system cannot find the path specified. (0x3)
[0108/202310.312:ERROR:directory_reader_win.cc(43)] FindFirstFile: The system cannot find the path specified. (0x3)
[0108/202526.701:ERROR:process_reader_win.cc(123)] NtOpenThread: {Access Denied} A process has requested access to an object, but has not been granted those access rights. (0xc0000022)
[0108/202526.701:ERROR:exception_snapshot_win.cc(99)] thread ID 15000 not found in process
[0108/202526.718:ERROR:process_reader_win.cc(123)] NtOpenThread: {Access Denied} A process has requested access to an object, but has not been granted those access rights. (0xc0000022)
[0108/202526.718:ERROR:exception_snapshot_win.cc(99)] thread ID 21764 not found in process
[0108/202613.412:ERROR:process_reader_win.cc(123)] NtOpenThread: {Access Denied} A process has requested access to an object, but has not been granted those access rights. (0xc0000022)
[0108/202613.413:ERROR:exception_snapshot_win.cc(99)] thread ID 9848 not found in process
[0108/202613.417:ERROR:process_reader_win.cc(123)] NtOpenThread: {Access Denied} A process has requested access to an object, but has not been granted those access rights. (0xc0000022)
[0108/202613.418:ERROR:exception_snapshot_win.cc(99)] thread ID 9244 not found in process
[0108/202613.432:ERROR:process_reader_win.cc(123)] NtOpenThread: {Access Denied} A process has requested access to an object, but has not been granted those access rights. (0xc0000022)
[0108/202613.432:ERROR:exception_snapshot_win.cc(99)] thread ID 24436 not found in process
[0108/202755.315:ERROR:directory_reader_win.cc(43)] FindFirstFile: The system cannot find the path specified. (0x3)
[0108/202820.455:ERROR:process_reader_win.cc(123)] NtOpenThread: {Access Denied} A process has requested access to an object, but has not been granted those access rights. (0xc0000022)
[0108/202820.456:ERROR:exception_snapshot_win.cc(99)] thread ID 7844 not found in process
[0108/202820.473:ERROR:process_reader_win.cc(123)] NtOpenThread: {Access Denied} A process has requested access to an object, but has not been granted those access rights. (0xc0000022)
[0108/202820.473:ERROR:exception_snapshot_win.cc(99)] thread ID 6856 not found in process
[0108/202928.756:ERROR:process_reader_win.cc(123)] NtOpenThread: {Access Denied} A process has requested access to an object, but has not been granted those access rights. (0xc0000022)
[0108/202928.756:ERROR:exception_snapshot_win.cc(99)] thread ID 21252 not found in process
[0108/202928.770:ERROR:process_reader_win.cc(123)] NtOpenThread: {Access Denied} A process has requested access to an object, but has not been granted those access rights. (0xc0000022)
[0108/202928.770:ERROR:exception_snapshot_win.cc(99)] thread ID 5944 not found in process
[0108/203133.180:ERROR:process_reader_win.cc(123)] NtOpenThread: {Access Denied} A process has requested access to an object, but has not been granted those access rights. (0xc0000022)
[0108/203133.181:ERROR:exception_snapshot_win.cc(99)] thread ID 5836 not found in process
[0108/203133.191:ERROR:process_reader_win.cc(123)] NtOpenThread: {Access Denied} A process has requested access to an object, but has not been granted those access rights. (0xc0000022)
[0108/203133.191:ERROR:exception_snapshot_win.cc(99)] thread ID 1412 not found in process
[0108/204134.875:ERROR:directory_reader_win.cc(43)] FindFirstFile: The system cannot find the path specified. (0x3)
[0108/204453.934:ERROR:directory_reader_win.cc(43)] FindFirstFile: The system cannot find the path specified. (0x3)
[0108/233224.279:ERROR:process_reader_win.cc(123)] NtOpenThread: {Access Denied} A process has requested access to an object, but has not been granted those access rights. (0xc0000022)
[0108/233224.279:ERROR:exception_snapshot_win.cc(99)] thread ID 24108 not found in process
[0108/233224.304:ERROR:process_reader_win.cc(123)] NtOpenThread: {Access Denied} A process has requested access to an object, but has not been granted those access rights. (0xc0000022)
[0108/233224.304:ERROR:exception_snapshot_win.cc(99)] thread ID 23132 not found in process
[0108/233319.755:ERROR:process_reader_win.cc(123)] NtOpenThread: {Access Denied} A process has requested access to an object, but has not been granted those access rights. (0xc0000022)
[0108/233319.755:ERROR:exception_snapshot_win.cc(99)] thread ID 6876 not found in process
[0108/233319.785:ERROR:process_reader_win.cc(123)] NtOpenThread: {Access Denied} A process has requested access to an object, but has not been granted those access rights. (0xc0000022)
[0108/233319.785:ERROR:exception_snapshot_win.cc(99)] thread ID 2116 not found in process
[0108/233358.073:ERROR:process_reader_win.cc(123)] NtOpenThread: {Access Denied} A process has requested access to an object, but has not been granted those access rights. (0xc0000022)
[0108/233358.074:ERROR:exception_snapshot_win.cc(99)] thread ID 18912 not found in process
[0108/233358.105:ERROR:process_reader_win.cc(123)] NtOpenThread: {Access Denied} A process has requested access to an object, but has not been granted those access rights. (0xc0000022)
[0108/233358.105:ERROR:exception_snapshot_win.cc(99)] thread ID 14944 not found in process
